Starting HomeView...
Loaded 16 products
Loaded 4 categories
Loaded 16 stocks
Success! Products: 16, Categories: 4
---
Starting HomeView...
Loaded 16 products
Loaded 4 categories
Loaded 16 stocks
Success! Products: 16, Categories: 4
---
Starting HomeView...
Loaded 16 products
Loaded 4 categories
Loaded 16 stocks
Success! Products: 16, Categories: 4
---
Starting HomeView...
Loaded 16 products
Loaded 4 categories
Loaded 16 stocks
Success! Products: 16, Categories: 4
---
Starting HomeView...
Loaded 16 products
Loaded 4 categories
Loaded 16 stocks
Success! Products: 16, Categories: 4
---
Starting HomeView...
Loaded 16 products
Loaded 4 categories
Loaded 16 stocks
Success! Products: 16, Categories: 4
---
Starting HomeView...
Loaded 0 products
Loaded 0 categories
Loaded 0 stocks
Success! Products: 0, Categories: 0
---
Starting HomeView...
Loaded 0 products
Loaded 0 categories
Loaded 0 stocks
Success! Products: 0, Categories: 0
---
Starting HomeView...
Loaded 0 products
Loaded 0 categories
Loaded 0 stocks
Success! Products: 0, Categories: 0
---
Starting HomeView...
Loaded 0 products
Loaded 0 categories
Loaded 0 stocks
Success! Products: 0, Categories: 0
---
Starting HomeView...
Loaded 0 products
Loaded 0 categories
Loaded 0 stocks
Success! Products: 0, Categories: 0
---
Starting HomeView...
Loaded 0 products
Loaded 0 categories
Loaded 0 stocks
Success! Products: 0, Categories: 0
---
Starting HomeView...
Loaded 0 products
Loaded 0 categories
Loaded 0 stocks
Success! Products: 0, Categories: 0
---
Starting HomeView...
Loaded 0 products
Loaded 0 categories
Loaded 0 stocks
Success! Products: 0, Categories: 0
---
Starting HomeView...
Loaded 0 products
Loaded 0 categories
Loaded 0 stocks
Success! Products: 0, Categories: 0
---
Starting HomeView...
Loaded 0 products
Loaded 0 categories
Loaded 0 stocks
Success! Products: 0, Categories: 0
---
Starting HomeView...
Loaded 0 products
Loaded 0 categories
Loaded 0 stocks
Success! Products: 0, Categories: 0
---
Starting HomeView...
Loaded 0 products
Loaded 0 categories
Loaded 0 stocks
Success! Products: 0, Categories: 0
---
Starting HomeView...
Loaded 0 products
Loaded 0 categories
Loaded 0 stocks
Success! Products: 0, Categories: 0
---
Starting HomeView...
Loaded 0 products
Loaded 0 categories
Loaded 0 stocks
Success! Products: 0, Categories: 0
---
Starting HomeView...
Loaded 0 products
Loaded 0 categories
Loaded 0 stocks
Success! Products: 0, Categories: 0
---
Starting HomeView...
Loaded 0 products
Loaded 0 categories
Loaded 0 stocks
Success! Products: 0, Categories: 0
---
Starting HomeView...
Loaded 0 products
Loaded 0 categories
Loaded 0 stocks
Success! Products: 0, Categories: 0
---
Starting HomeView...
Loaded 0 products
Loaded 0 categories
Loaded 0 stocks
Success! Products: 0, Categories: 0
---
Starting HomeView...
Loaded 0 products
Loaded 0 categories
Loaded 0 stocks
Success! Products: 0, Categories: 0
---
Starting HomeView...
Loaded 0 products
Loaded 0 categories
Loaded 0 stocks
Success! Products: 0, Categories: 0
---
Starting HomeView...
Loaded 0 products
Loaded 0 categories
Loaded 0 stocks
Success! Products: 0, Categories: 0
---
Starting HomeView...
Loaded 0 products
Loaded 0 categories
Loaded 0 stocks
Success! Products: 0, Categories: 0
---
Starting HomeView...
Loaded 0 products
Loaded 0 categories
Loaded 0 stocks
Success! Products: 0, Categories: 0
---
Starting HomeView...
Loaded 0 products
Loaded 0 categories
Loaded 0 stocks
Success! Products: 0, Categories: 0
---
Starting HomeView...
Loaded 0 products
Loaded 0 categories
Loaded 0 stocks
Success! Products: 0, Categories: 0
---
Starting HomeView...
Loaded 0 products
Loaded 0 categories
Loaded 0 stocks
Success! Products: 0, Categories: 0
---
Starting HomeView...
Loaded 0 products
Loaded 0 categories
Loaded 0 stocks
Success! Products: 0, Categories: 0
---
Starting HomeView...
Loaded 0 products
Loaded 0 categories
Loaded 0 stocks
Success! Products: 0, Categories: 0
---
Starting HomeView...
Loaded 0 products
Loaded 0 categories
Loaded 0 stocks
Success! Products: 0, Categories: 0
---
Starting HomeView...
Loaded 0 products
Loaded 0 categories
Loaded 0 stocks
Success! Products: 0, Categories: 0
---
Starting HomeView...
Loaded 0 products
Loaded 0 categories
Loaded 0 stocks
Success! Products: 0, Categories: 0
---
Starting HomeView...
Loaded 0 products
Loaded 0 categories
Loaded 0 stocks
Success! Products: 0, Categories: 0
---
Starting HomeView...
Loaded 0 products
Loaded 0 categories
Loaded 0 stocks
Success! Products: 0, Categories: 0
---
Starting HomeView...
Loaded 0 products
Loaded 0 categories
Loaded 0 stocks
Success! Products: 0, Categories: 0
---
Starting HomeView...
Loaded 16 products
Loaded 4 categories
Loaded 16 stocks
Success! Products: 16, Categories: 4
---
Starting HomeView...
Loaded 16 products
Loaded 4 categories
Loaded 16 stocks
Success! Products: 16, Categories: 4
---
Starting HomeView...
Loaded 16 products
Loaded 4 categories
Loaded 16 stocks
Success! Products: 16, Categories: 4
---
Starting HomeView...
Loaded 16 products
Loaded 4 categories
Loaded 16 stocks
Success! Products: 16, Categories: 4
---
Starting HomeView...
Loaded 16 products
Loaded 4 categories
Loaded 16 stocks
Success! Products: 16, Categories: 4
---
Starting HomeView...
Loaded 14 products
Loaded 4 categories
Loaded 14 stocks
Success! Products: 14, Categories: 4
---
Starting HomeView...
Loaded 14 products
Loaded 4 categories
Loaded 14 stocks
Success! Products: 14, Categories: 4
---
Starting HomeView...
Loaded 14 products
Loaded 4 categories
Loaded 14 stocks
Success! Products: 14, Categories: 4
---
Starting HomeView...
Loaded 14 products
Loaded 4 categories
Loaded 14 stocks
Success! Products: 14, Categories: 4
---
Starting HomeView...
Loaded 14 products
Loaded 4 categories
Loaded 14 stocks
Success! Products: 14, Categories: 4
---
Starting HomeView...
Loaded 14 products
Loaded 4 categories
Loaded 14 stocks
Success! Products: 14, Categories: 4
---
Starting HomeView...
Loaded 14 products
Loaded 4 categories
Loaded 14 stocks
Success! Products: 14, Categories: 4
---
Starting HomeView...
Loaded 14 products
Loaded 4 categories
Loaded 14 stocks
Success! Products: 14, Categories: 4
---
